Build started 6/3/2013 11:27:30 AM.
     1>Project "C:\Users\Trevor\Documents\GitHub\gl-game\Assignment 4 CS174A.vcxproj" on node 2 (Build target(s)).
     1>InitializeBuildStatus:
         Creating "Debug\Assignment 4 CS174A.unsuccessfulbuild" because "AlwaysCreate" was specified.
       ClCompile:
         C:\Program Files (x86)\Microsoft Visual Studio 11.0\VC\bin\CL.exe /c /I"C:\Program Files\Common Files\MSVC\freeglut\include" /ZI /nologo /W3 /WX- /Od /Oy- /D _MBCS /Gm /EHsc /RTC1 /MDd /GS /fp:precise /Zc:wchar_t /Zc:forScope /Fo"Debug\\" /Fd"Debug\vc110.pdb" /Gd /TP /analyze- /errorReport:prompt Loader.cpp
         Loader.cpp
     1>c:\users\trevor\documents\github\gl-game\angel.h(63): warning C4305: 'initializing' : truncation from 'double' to 'const GLfloat'
     1>c:\users\trevor\documents\github\gl-game\mat.h(698): warning C4244: '=' : conversion from 'double' to 'GLfloat', possible loss of data
     1>c:\users\trevor\documents\github\gl-game\mat.h(699): warning C4244: '=' : conversion from 'double' to 'GLfloat', possible loss of data
     1>c:\users\trevor\documents\github\gl-game\mat.h(700): warning C4244: '=' : conversion from 'double' to 'GLfloat', possible loss of data
     1>c:\users\trevor\documents\github\gl-game\mat.h(721): warning C4244: '=' : conversion from 'double' to 'GLfloat', possible loss of data
     1>c:\users\trevor\documents\github\gl-game\mat.h(723): warning C4244: '=' : conversion from 'double' to 'GLfloat', possible loss of data
     1>c:\users\trevor\documents\github\gl-game\mat.h(726): warning C4244: '=' : conversion from 'double' to 'GLfloat', possible loss of data
     1>c:\users\trevor\documents\github\gl-game\mat.h(742): warning C4244: '=' : conversion from 'double' to 'GLfloat', possible loss of data
     1>c:\users\trevor\documents\github\gl-game\loader.cpp(14): warning C4996: 'fopen': This function or variable may be unsafe. Consider using fopen_s instead. To disable deprecation, use _CRT_SECURE_NO_WARNINGS. See online help for details.
                 c:\program files (x86)\microsoft visual studio 11.0\vc\include\stdio.h(218) : see declaration of 'fopen'
     1>c:\users\trevor\documents\github\gl-game\loader.cpp(25): warning C4996: 'fscanf': This function or variable may be unsafe. Consider using fscanf_s instead. To disable deprecation, use _CRT_SECURE_NO_WARNINGS. See online help for details.
                 c:\program files (x86)\microsoft visual studio 11.0\vc\include\stdio.h(237) : see declaration of 'fscanf'
     1>c:\users\trevor\documents\github\gl-game\loader.cpp(33): warning C4996: 'fscanf': This function or variable may be unsafe. Consider using fscanf_s instead. To disable deprecation, use _CRT_SECURE_NO_WARNINGS. See online help for details.
                 c:\program files (x86)\microsoft visual studio 11.0\vc\include\stdio.h(237) : see declaration of 'fscanf'
     1>c:\users\trevor\documents\github\gl-game\loader.cpp(38): warning C4996: 'fscanf': This function or variable may be unsafe. Consider using fscanf_s instead. To disable deprecation, use _CRT_SECURE_NO_WARNINGS. See online help for details.
                 c:\program files (x86)\microsoft visual studio 11.0\vc\include\stdio.h(237) : see declaration of 'fscanf'
     1>c:\users\trevor\documents\github\gl-game\loader.cpp(43): warning C4996: 'fscanf': This function or variable may be unsafe. Consider using fscanf_s instead. To disable deprecation, use _CRT_SECURE_NO_WARNINGS. See online help for details.
                 c:\program files (x86)\microsoft visual studio 11.0\vc\include\stdio.h(237) : see declaration of 'fscanf'
     1>c:\users\trevor\documents\github\gl-game\loader.cpp(49): warning C4996: 'fscanf': This function or variable may be unsafe. Consider using fscanf_s instead. To disable deprecation, use _CRT_SECURE_NO_WARNINGS. See online help for details.
                 c:\program files (x86)\microsoft visual studio 11.0\vc\include\stdio.h(237) : see declaration of 'fscanf'
       Link:
         C:\Program Files (x86)\Microsoft Visual Studio 11.0\VC\bin\link.exe /ERRORREPORT:PROMPT /OUT:"C:\Users\Trevor\Documents\GitHub\gl-game\Debug\Assignment 4 CS174A.exe" /INCREMENTAL /NOLOGO /LIBPATH:"C:\Program Files\Common Files\MSVC\freeglut\lib" glew32.lib kernel32.lib user32.lib gdi32.lib winspool.lib comdlg32.lib advapi32.lib shell32.lib ole32.lib oleaut32.lib uuid.lib odbc32.lib odbccp32.lib /MANIFEST /MANIFESTUAC:"level='asInvoker' uiAccess='false'" /manifest:embed /DEBUG /PDB:"C:\Users\Trevor\Documents\GitHub\gl-game\Debug\Assignment 4 CS174A.pdb" /TLBID:1 /ENTRY:"mainCRTStartup" /DYNAMICBASE /NXCOMPAT /IMPLIB:"C:\Users\Trevor\Documents\GitHub\gl-game\Debug\Assignment 4 CS174A.lib" /MACHINE:X86 Debug\anim.obj
         Debug\Ball.obj
         Debug\BallAux.obj
         Debug\BallMath.obj
         Debug\FrameSaver.obj
         Debug\InitShader.obj
         Debug\Loader.obj
         Debug\Squares.obj
         Debug\tga.obj
         Debug\Timer.obj
         Assignment 4 CS174A.vcxproj -> C:\Users\Trevor\Documents\GitHub\gl-game\Debug\Assignment 4 CS174A.exe
       FinalizeBuildStatus:
         Deleting file "Debug\Assignment 4 CS174A.unsuccessfulbuild".
         Touching "Debug\Assignment 4 CS174A.lastbuildstate".
     1>Done Building Project "C:\Users\Trevor\Documents\GitHub\gl-game\Assignment 4 CS174A.vcxproj" (Build target(s)).

Build succeeded.

Time Elapsed 00:00:02.67
